<?xml version="1.0" encoding="UTF-8"?>
<!-- Generated by org.testng.reporters.JUnitReportReporter -->
<testsuite hostname="HP" name="bg.testScripts.login.TestLogin" tests="1" failures="0" timestamp="31 Oct 2017 04:23:39 GMT" time="24.114" errors="0">
  <testcase name="testLogin" time="24.114" classname="bg.testScripts.login.TestLogin"/>
</testsuite> <!-- bg.testScripts.login.TestLogin -->
